2022-04-14T14:26:35+00:00 CRITICAL Uncaught TypeError: WC_WooMercadoPago_Helpers_CurrencyConverter::get_access_token(): Argument #1 ($method) must be of type WC_WooMercadoPago_Payment_Abstract, null given, called in C:\xampp\htdocs\viteckoficial\wp-content\plugins\woocommerce-mercadopago\includes\helpers\class-wc-woomercadopago-helpers-currencyconverter.php on line 282 and defined in C:\xampp\htdocs\viteckoficial\wp-content\plugins\woocommerce-mercadopago\includes\helpers\class-wc-woomercadopago-helpers-currencyconverter.php:204
Stack trace:
#0 C:\xampp\htdocs\viteckoficial\wp-content\plugins\woocommerce-mercadopago\includes\helpers\class-wc-woomercadopago-helpers-currencyconverter.php(282): WC_WooMercadoPago_Helpers_CurrencyConverter->get_access_token(NULL)
#1 C:\xampp\htdocs\viteckoficial\wp-content\plugins\woocommerce-mercadopago\includes\module\class-wc-woomercadopago-module.php(379): WC_WooMercadoPago_Helpers_CurrencyConverter->load_ratio('USD', 'ARS')
#2 C:\xampp\htdocs\viteckoficial\wp-content\plugins\woocommerce-mercadopago\includes\module\class-wc-woomercadopago-credentials.php(254): WC_WooMercadoPago_Module::get_conversion_rate('ARS')
#3 C:\xampp\htdocs\viteckoficial\wp-content\plugins\woocommerce-mercadopago\includes\module\class-wc-woomercadopago-configs.php(61): WC_WooMercadoPago_Credentials::validate_credentials_v1()
#4 C:\xampp\htdocs\viteckoficial\wp-content\plugins\woocommerce-mercadopago\includes\module\class-wc-woomercadopago-configs.php(27): WC_WooMercadoPago_Configs->update_token_new_version()
#5 C:\xampp\htdocs\viteckoficial\wp-content\plugins\woocommerce-mercadopago\includes\module\class-wc-woomercadopago-module.php(144): WC_WooMercadoPago_Configs->__construct()
#6 C:\xampp\htdocs\viteckoficial\wp-content\plugins\woocommerce-mercadopago\includes\module\class-wc-woomercadopago-module.php(85): WC_WooMercadoPago_Module->load_configs()
#7 C:\xampp\htdocs\viteckoficial\wp-content\plugins\woocommerce-mercadopago\includes\module\class-wc-woomercadopago-module.php(319): WC_WooMercadoPago_Module->__construct()
#8 C:\xampp\htdocs\viteckoficial\wp-content\plugins\woocommerce-mercadopago\includes\module\class-wc-woomercadopago-init.php(209): WC_WooMercadoPago_Module::init_mercado_pago_class()
#9 C:\xampp\htdocs\viteckoficial\wp-includes\class-wp-hook.php(307): WC_WooMercadoPago_Init::woocommerce_mercadopago_init('')
#10 C:\xampp\htdocs\viteckoficial\wp-includes\class-wp-hook.php(331): WP_Hook->apply_filters(NULL, Array)
#11 C:\xampp\htdocs\viteckoficial\wp-includes\plugin.php(474): WP_Hook->do_action(Array)
#12 C:\xampp\htdocs\viteckoficial\wp-settings.php(450): do_action('plugins_loaded')
#13 C:\xampp\htdocs\viteckoficial\wp-config.php(96): require_once('C:\\xampp\\htdocs...')
#14 C:\xampp\htdocs\viteckoficial\wp-load.php(50): require_once('C:\\xampp\\htdocs...')
#15 C:\xampp\htdocs\viteckoficial\wp-admin\admin-ajax.php(22): require_once('C:\\xampp\\htdocs...')
#16 {main}
  thrown in C:\xampp\htdocs\viteckoficial\wp-content\plugins\woocommerce-mercadopago\includes\helpers\class-wc-woomercadopago-helpers-currencyconverter.php on line 204

2022-04-14T14:26:35+00:00 CRITICAL Uncaught TypeError: WC_WooMercadoPago_Helpers_CurrencyConverter::get_access_token(): Argument #1 ($method) must be of type WC_WooMercadoPago_Payment_Abstract, null given, called in C:\xampp\htdocs\viteckoficial\wp-content\plugins\woocommerce-mercadopago\includes\helpers\class-wc-woomercadopago-helpers-currencyconverter.php on line 282 and defined in C:\xampp\htdocs\viteckoficial\wp-content\plugins\woocommerce-mercadopago\includes\helpers\class-wc-woomercadopago-helpers-currencyconverter.php:204
Stack trace:
#0 C:\xampp\htdocs\viteckoficial\wp-content\plugins\woocommerce-mercadopago\includes\helpers\class-wc-woomercadopago-helpers-currencyconverter.php(282): WC_WooMercadoPago_Helpers_CurrencyConverter->get_access_token(NULL)
#1 C:\xampp\htdocs\viteckoficial\wp-content\plugins\woocommerce-mercadopago\includes\module\class-wc-woomercadopago-module.php(379): WC_WooMercadoPago_Helpers_CurrencyConverter->load_ratio('USD', 'ARS')
#2 C:\xampp\htdocs\viteckoficial\wp-content\plugins\woocommerce-mercadopago\includes\module\class-wc-woomercadopago-credentials.php(254): WC_WooMercadoPago_Module::get_conversion_rate('ARS')
#3 C:\xampp\htdocs\viteckoficial\wp-content\plugins\woocommerce-mercadopago\includes\module\class-wc-woomercadopago-configs.php(61): WC_WooMercadoPago_Credentials::validate_credentials_v1()
#4 C:\xampp\htdocs\viteckoficial\wp-content\plugins\woocommerce-mercadopago\includes\module\class-wc-woomercadopago-configs.php(27): WC_WooMercadoPago_Configs->update_token_new_version()
#5 C:\xampp\htdocs\viteckoficial\wp-content\plugins\woocommerce-mercadopago\includes\module\class-wc-woomercadopago-module.php(144): WC_WooMercadoPago_Configs->__construct()
#6 C:\xampp\htdocs\viteckoficial\wp-content\plugins\woocommerce-mercadopago\includes\module\class-wc-woomercadopago-module.php(85): WC_WooMercadoPago_Module->load_configs()
#7 C:\xampp\htdocs\viteckoficial\wp-content\plugins\woocommerce-mercadopago\includes\module\class-wc-woomercadopago-module.php(319): WC_WooMercadoPago_Module->__construct()
#8 C:\xampp\htdocs\viteckoficial\wp-content\plugins\woocommerce-mercadopago\includes\module\class-wc-woomercadopago-init.php(209): WC_WooMercadoPago_Module::init_mercado_pago_class()
#9 C:\xampp\htdocs\viteckoficial\wp-includes\class-wp-hook.php(307): WC_WooMercadoPago_Init::woocommerce_mercadopago_init('')
#10 C:\xampp\htdocs\viteckoficial\wp-includes\class-wp-hook.php(331): WP_Hook->apply_filters(NULL, Array)
#11 C:\xampp\htdocs\viteckoficial\wp-includes\plugin.php(474): WP_Hook->do_action(Array)
#12 C:\xampp\htdocs\viteckoficial\wp-settings.php(450): do_action('plugins_loaded')
#13 C:\xampp\htdocs\viteckoficial\wp-config.php(96): require_once('C:\\xampp\\htdocs...')
#14 C:\xampp\htdocs\viteckoficial\wp-load.php(50): require_once('C:\\xampp\\htdocs...')
#15 C:\xampp\htdocs\viteckoficial\wp-admin\admin-ajax.php(22): require_once('C:\\xampp\\htdocs...')
#16 {main}
  thrown in C:\xampp\htdocs\viteckoficial\wp-content\plugins\woocommerce-mercadopago\includes\helpers\class-wc-woomercadopago-helpers-currencyconverter.php on line 204

2022-04-14T14:26:36+00:00 CRITICAL Uncaught TypeError: WC_WooMercadoPago_Helpers_CurrencyConverter::get_access_token(): Argument #1 ($method) must be of type WC_WooMercadoPago_Payment_Abstract, null given, called in C:\xampp\htdocs\viteckoficial\wp-content\plugins\woocommerce-mercadopago\includes\helpers\class-wc-woomercadopago-helpers-currencyconverter.php on line 282 and defined in C:\xampp\htdocs\viteckoficial\wp-content\plugins\woocommerce-mercadopago\includes\helpers\class-wc-woomercadopago-helpers-currencyconverter.php:204
Stack trace:
#0 C:\xampp\htdocs\viteckoficial\wp-content\plugins\woocommerce-mercadopago\includes\helpers\class-wc-woomercadopago-helpers-currencyconverter.php(282): WC_WooMercadoPago_Helpers_CurrencyConverter->get_access_token(NULL)
#1 C:\xampp\htdocs\viteckoficial\wp-content\plugins\woocommerce-mercadopago\includes\module\class-wc-woomercadopago-module.php(379): WC_WooMercadoPago_Helpers_CurrencyConverter->load_ratio('USD', 'ARS')
#2 C:\xampp\htdocs\viteckoficial\wp-content\plugins\woocommerce-mercadopago\includes\module\class-wc-woomercadopago-credentials.php(254): WC_WooMercadoPago_Module::get_conversion_rate('ARS')
#3 C:\xampp\htdocs\viteckoficial\wp-content\plugins\woocommerce-mercadopago\includes\module\class-wc-woomercadopago-configs.php(61): WC_WooMercadoPago_Credentials::validate_credentials_v1()
#4 C:\xampp\htdocs\viteckoficial\wp-content\plugins\woocommerce-mercadopago\includes\module\class-wc-woomercadopago-configs.php(27): WC_WooMercadoPago_Configs->update_token_new_version()
#5 C:\xampp\htdocs\viteckoficial\wp-content\plugins\woocommerce-mercadopago\includes\module\class-wc-woomercadopago-module.php(144): WC_WooMercadoPago_Configs->__construct()
#6 C:\xampp\htdocs\viteckoficial\wp-content\plugins\woocommerce-mercadopago\includes\module\class-wc-woomercadopago-module.php(85): WC_WooMercadoPago_Module->load_configs()
#7 C:\xampp\htdocs\viteckoficial\wp-content\plugins\woocommerce-mercadopago\includes\module\class-wc-woomercadopago-module.php(319): WC_WooMercadoPago_Module->__construct()
#8 C:\xampp\htdocs\viteckoficial\wp-content\plugins\woocommerce-mercadopago\includes\module\class-wc-woomercadopago-init.php(209): WC_WooMercadoPago_Module::init_mercado_pago_class()
#9 C:\xampp\htdocs\viteckoficial\wp-includes\class-wp-hook.php(307): WC_WooMercadoPago_Init::woocommerce_mercadopago_init('')
#10 C:\xampp\htdocs\viteckoficial\wp-includes\class-wp-hook.php(331): WP_Hook->apply_filters(NULL, Array)
#11 C:\xampp\htdocs\viteckoficial\wp-includes\plugin.php(474): WP_Hook->do_action(Array)
#12 C:\xampp\htdocs\viteckoficial\wp-settings.php(450): do_action('plugins_loaded')
#13 C:\xampp\htdocs\viteckoficial\wp-config.php(96): require_once('C:\\xampp\\htdocs...')
#14 C:\xampp\htdocs\viteckoficial\wp-load.php(50): require_once('C:\\xampp\\htdocs...')
#15 C:\xampp\htdocs\viteckoficial\wp-admin\admin-ajax.php(22): require_once('C:\\xampp\\htdocs...')
#16 {main}
  thrown in C:\xampp\htdocs\viteckoficial\wp-content\plugins\woocommerce-mercadopago\includes\helpers\class-wc-woomercadopago-helpers-currencyconverter.php on line 204

